Copyright 1986-2018 Xilinx, Inc. All Rights Reserved.
------------------------------------------------------------------------------------
| Tool Version : Vivado v.2018.3 (win64) Build 2405991 Thu Dec  6 23:38:27 MST 2018
| Date         : Sat Aug  1 00:07:57 2020
| Host         : DESKTOP-D6U3LDD running 64-bit major release  (build 9200)
| Command      : report_clock_utilization -file top_clock_utilization_routed.rpt
| Design       : top
| Device       : 7s15-ftgb196
| Speed File   : -1  PRODUCTION 1.23 2018-06-13
------------------------------------------------------------------------------------

Clock Utilization Report

Table of Contents
-----------------
1. Clock Primitive Utilization
2. Global Clock Resources
3. Global Clock Source Details
4. Local Clock Details
5. Clock Regions: Key Resource Utilization
6. Clock Regions : Global Clock Summary
7. Device Cell Placement Summary for Global Clock g0
8. Device Cell Placement Summary for Global Clock g1
9. Device Cell Placement Summary for Global Clock g2
10. Device Cell Placement Summary for Global Clock g3
11. Device Cell Placement Summary for Global Clock g4
12. Device Cell Placement Summary for Global Clock g5
13. Device Cell Placement Summary for Global Clock g6
14. Device Cell Placement Summary for Global Clock g7
15. Device Cell Placement Summary for Global Clock g8
16. Device Cell Placement Summary for Global Clock g9
17. Clock Region Cell Placement per Global Clock: Region X0Y0
18. Clock Region Cell Placement per Global Clock: Region X1Y0

1. Clock Primitive Utilization
------------------------------

+----------+------+-----------+-----+--------------+--------+
| Type     | Used | Available | LOC | Clock Region | Pblock |
+----------+------+-----------+-----+--------------+--------+
| BUFGCTRL |   10 |        16 |   0 |            0 |      0 |
| BUFH     |    0 |        24 |   0 |            0 |      0 |
| BUFIO    |    0 |         8 |   0 |            0 |      0 |
| BUFMR    |    0 |         4 |   0 |            0 |      0 |
| BUFR     |    0 |         8 |   0 |            0 |      0 |
| MMCM     |    1 |         2 |   0 |            0 |      0 |
| PLL      |    2 |         2 |   0 |            0 |      0 |
+----------+------+-----------+-----+--------------+--------+


2. Global Clock Resources
-------------------------

+-----------+-----------+-----------------+------------+---------------+--------------+-------------------+-------------+-----------------+--------------+-------------------+------------------------------------------------------------------------+-----------------------------------------------------------------+
| Global Id | Source Id | Driver Type/Pin | Constraint | Site          | Clock Region | Load Clock Region | Clock Loads | Non-Clock Loads | Clock Period | Clock             | Driver Pin                                                             | Net                                                             |
+-----------+-----------+-----------------+------------+---------------+--------------+-------------------+-------------+-----------------+--------------+-------------------+------------------------------------------------------------------------+-----------------------------------------------------------------+
| g0        | src0      | BUFG/O          | None       | BUFGCTRL_X0Y3 | n/a          |                 2 |         161 |               0 |              |                   | ADC_part/clk_10/inst/clkout1_buf/O                                     | ADC_part/clk_10/inst/clk_out1                                   |
| g1        | src0      | BUFG/O          | None       | BUFGCTRL_X0Y4 | n/a          |                 1 |          66 |               0 |              |                   | ADC_part/clk_10/inst/clkout2_buf/O                                     | ADC_part/clk_10/inst/clk_out2                                   |
| g2        | src1      | BUFG/O          | None       | BUFGCTRL_X0Y5 | n/a          |                 1 |          61 |               0 |              |                   | Measure_Num_Cnt_reg[19]_i_3/O                                          | Driver_ADC0/Signal_Pulse                                        |
| g3        | src2      | BUFG/O          | None       | BUFGCTRL_X0Y6 | n/a          |                 1 |          33 |               0 |        9.979 | clk_out2_clk_5_10 | Lab_9/clk_5_10/inst/clkout2_buf/O                                      | Lab_9/clk_5_10/inst/clk_out2                                    |
| g4        | src3      | BUFG/O          | None       | BUFGCTRL_X0Y0 | n/a          |                 1 |           8 |               0 |              |                   | ADC_part/rgb2dvi_0/U0/ClockGenInternal.ClockGenX/PixelClk_BUFG_inst/O  | ADC_part/rgb2dvi_0/U0/ClockGenInternal.ClockGenX/PixelClk_BUFG  |
| g5        | src3      | BUFG/O          | None       | BUFGCTRL_X0Y1 | n/a          |                 1 |           8 |               0 |              |                   | ADC_part/rgb2dvi_0/U0/ClockGenInternal.ClockGenX/SerialClk_BUFG_inst/O | ADC_part/rgb2dvi_0/U0/ClockGenInternal.ClockGenX/SerialClk_BUFG |
| g6        | src2      | BUFG/O          | None       | BUFGCTRL_X0Y2 | n/a          |                 1 |           6 |               1 |      200.000 | clk_out1_clk_5_10 | Lab_9/clk_5_10/inst/clkout1_buf/O                                      | Lab_9/clk_5_10/inst/clk_out1                                    |
| g7        | src4      | BUFG/O          | None       | BUFGCTRL_X0Y8 | n/a          |                 1 |           1 |               0 |              |                   | ADC_part/clk_10/inst/clkin1_bufg/O                                     | ADC_part/clk_10/inst/clk_in1_clk_wiz_0                          |
| g8        | src0      | BUFG/O          | None       | BUFGCTRL_X0Y7 | n/a          |                 1 |           1 |               0 |              |                   | ADC_part/clk_10/inst/clkf_buf/O                                        | ADC_part/clk_10/inst/clkfbout_buf_clk_wiz_0                     |
| g9        | src2      | BUFG/O          | None       | BUFGCTRL_X0Y9 | n/a          |                 1 |           1 |               0 |      100.000 | clkfbout_clk_5_10 | Lab_9/clk_5_10/inst/clkf_buf/O                                         | Lab_9/clk_5_10/inst/clkfbout_buf_clk_5_10                       |
+-----------+-----------+-----------------+------------+---------------+--------------+-------------------+-------------+-----------------+--------------+-------------------+------------------------------------------------------------------------+-----------------------------------------------------------------+
* Clock Loads column represents the clock pin loads (pin count)
** Non-Clock Loads column represents the non-clock pin loads (pin count)


3. Global Clock Source Details
------------------------------

+-----------+-----------+---------------------+------------+-----------------+--------------+-------------+-----------------+---------------------+-------------------+----------------------------------------------------------------------------------+------------------------------------------------------------+
| Source Id | Global Id | Driver Type/Pin     | Constraint | Site            | Clock Region | Clock Loads | Non-Clock Loads | Source Clock Period | Source Clock      | Driver Pin                                                                       | Net                                                        |
+-----------+-----------+---------------------+------------+-----------------+--------------+-------------+-----------------+---------------------+-------------------+----------------------------------------------------------------------------------+------------------------------------------------------------+
| src0      | g0        | PLLE2_ADV/CLKOUT0   | None       | PLLE2_ADV_X1Y0  | X1Y0         |           1 |               0 |                     |                   | ADC_part/clk_10/inst/plle2_adv_inst/CLKOUT0                                      | ADC_part/clk_10/inst/clk_out1_clk_wiz_0                    |
| src0      | g1        | PLLE2_ADV/CLKOUT1   | None       | PLLE2_ADV_X1Y0  | X1Y0         |           1 |               0 |                     |                   | ADC_part/clk_10/inst/plle2_adv_inst/CLKOUT1                                      | ADC_part/clk_10/inst/clk_out2_clk_wiz_0                    |
| src0      | g8        | PLLE2_ADV/CLKFBOUT  | None       | PLLE2_ADV_X1Y0  | X1Y0         |           1 |               0 |                     |                   | ADC_part/clk_10/inst/plle2_adv_inst/CLKFBOUT                                     | ADC_part/clk_10/inst/clkfbout_clk_wiz_0                    |
| src1      | g2        | CARRY4/CO[3]        | None       | SLICE_X32Y9     | X1Y0         |           1 |               0 |                     |                   | ADC_part/Driver_ADC0/Freq_Cal0/Signal_Pulse_carry/CO[3]                          | ADC_part/Driver_ADC0/Freq_Cal0/CO[0]                       |
| src2      | g6        | MMCME2_ADV/CLKOUT0  | None       | MMCME2_ADV_X1Y0 | X1Y0         |           1 |               0 |             200.000 | clk_out1_clk_5_10 | Lab_9/clk_5_10/inst/mmcm_adv_inst/CLKOUT0                                        | Lab_9/clk_5_10/inst/clk_out1_clk_5_10                      |
| src2      | g3        | MMCME2_ADV/CLKOUT1  | None       | MMCME2_ADV_X1Y0 | X1Y0         |           1 |               0 |               9.979 | clk_out2_clk_5_10 | Lab_9/clk_5_10/inst/mmcm_adv_inst/CLKOUT1                                        | Lab_9/clk_5_10/inst/clk_out2_clk_5_10                      |
| src2      | g9        | MMCME2_ADV/CLKFBOUT | None       | MMCME2_ADV_X1Y0 | X1Y0         |           1 |               0 |             100.000 | clkfbout_clk_5_10 | Lab_9/clk_5_10/inst/mmcm_adv_inst/CLKFBOUT                                       | Lab_9/clk_5_10/inst/clkfbout_clk_5_10                      |
| src3      | g4        | PLLE2_ADV/CLKOUT1   | None       | PLLE2_ADV_X0Y0  | X0Y0         |           1 |               0 |                     |                   | ADC_part/rgb2dvi_0/U0/ClockGenInternal.ClockGenX/GenPLL.DVI_ClkGenerator/CLKOUT1 | ADC_part/rgb2dvi_0/U0/ClockGenInternal.ClockGenX/PixelClk  |
| src3      | g5        | PLLE2_ADV/CLKOUT0   | None       | PLLE2_ADV_X0Y0  | X0Y0         |           1 |               0 |                     |                   | ADC_part/rgb2dvi_0/U0/ClockGenInternal.ClockGenX/GenPLL.DVI_ClkGenerator/CLKOUT0 | ADC_part/rgb2dvi_0/U0/ClockGenInternal.ClockGenX/SerialClk |
| src4      | g7        | IBUF/O              | IOB_X1Y24  | IOB_X1Y24       | X1Y0         |           2 |               0 |                     |                   | clk_100MHz_IBUF_inst/O                                                           | clk_100MHz_IBUF                                            |
+-----------+-----------+---------------------+------------+-----------------+--------------+-------------+-----------------+---------------------+-------------------+----------------------------------------------------------------------------------+------------------------------------------------------------+
* Clock Loads column represents the clock pin loads (pin count)
** Non-Clock Loads column represents the non-clock pin loads (pin count)


4. Local Clock Details
----------------------

+----------+-----------------+------------+------------------+--------------+-------------+-----------------+--------------+-------+----------------------------------------------------------------+----------------------------------------------------------+
| Local Id | Driver Type/Pin | Constraint | Site/BEL         | Clock Region | Clock Loads | Non-Clock Loads | Clock Period | Clock | Driver Pin                                                     | Net                                                      |
+----------+-----------------+------------+------------------+--------------+-------------+-----------------+--------------+-------+----------------------------------------------------------------+----------------------------------------------------------||
| 0        | FDRE/Q          | None       | SLICE_X34Y25/AFF | X1Y0         |          17 |               2 |              |       | ADC_part/Driver_ADC0/Clk_Division_ADC/Clk_reg/Q                | ADC_part/Driver_ADC0/Clk_Division_ADC/clka               - Static -
| 1        | FDRE/Q          | None       | SLICE_X31Y5/AFF  | X1Y0         |           8 |               1 |              |       | Lab_9/Driver_DAC0/DDS_Addr_Generator0/Clk_Division_1/Clk_reg/Q | Lab_9/Driver_DAC0/DDS_Addr_Generator0/Clk_Division_1/Clk - Static -
+----------+-----------------+------------+------------------+--------------+-------------+-----------------+--------------+-------+----------------------------------------------------------------+----------------------------------------------------------||
* Local Clocks in this context represents only clocks driven by non-global buffers
** Clock Loads column represents the clock pin loads (pin count)
*** Non-Clock Loads column represents the non-clock pin loads (pin count)


5. Clock Regions: Key Resource Utilization
------------------------------------------

+-------------------+--------------+--------------+--------------+--------------+--------------+--------------+--------------+--------------+--------------+--------------+--------------+--------------+--------------+--------------+--------------+
|                   | Global Clock |     BUFRs    |    BUFMRs    |    BUFIOs    |     MMCM     |      PLL     |      GT      |      PCI     |    ILOGIC    |    OLOGIC    |      FF      |     LUTM     |    RAMB18    |    RAMB36    |    DSP48E2   |
+-------------------+------+-------+------+-------+------+-------+------+-------+------+-------+------+-------+------+-------+------+-------+------+-------+------+-------+------+-------+------+-------+------+-------+------+-------+------+-------+
| Clock Region Name | Used | Avail | Used | Avail | Used | Avail | Used | Avail | Used | Avail | Used | Avail | Used | Avail | Used | Avail | Used | Avail | Used | Avail | Used | Avail | Used | Avail | Used | Avail | Used | Avail | Used | Avail |
+-------------------+------+-------+------+-------+------+-------+------+-------+------+-------+------+-------+------+-------+------+-------+------+-------+------+-------+------+-------+------+-------+------+-------+------+-------+------+-------+
| X0Y0              |    1 |    12 |    0 |     4 |    0 |     2 |    0 |     4 |    0 |     1 |    1 |     1 |    0 |     0 |    0 |     0 |    0 |    50 |    0 |    50 |    8 |   900 |    2 |   200 |    0 |     0 |    0 |     0 |    0 |     0 |
| X1Y0              |   10 |    12 |    0 |     4 |    0 |     2 |    0 |     4 |    1 |     1 |    1 |     1 |    0 |     0 |    0 |     0 |    0 |    50 |    8 |    50 |  335 |  1100 |  133 |   400 |    2 |    20 |    0 |    10 |    0 |    20 |
+-------------------+------+-------+------+-------+------+-------+------+-------+------+-------+------+-------+------+-------+------+-------+------+-------+------+-------+------+-------+------+-------+------+-------+------+-------+------+-------+
* Global Clock column represents track count; while other columns represents cell counts


6. Clock Regions : Global Clock Summary
---------------------------------------

All Modules
+----+----+----+
|    | X0 | X1 |
+----+----+----+
| Y0 |  1 | 10 |
+----+----+----+


7. Device Cell Placement Summary for Global Clock g0
----------------------------------------------------

+-----------+-----------------+-------------------+-------+-------------+---------------+-------------+----------+----------------+----------+-------------------------------+
| Global Id | Driver Type/Pin | Driver Region (D) | Clock | Period (ns) | Waveform (ns) | Slice Loads | IO Loads | Clocking Loads | GT Loads | Net                           |
+-----------+-----------------+-------------------+-------+-------------+---------------+-------------+----------+----------------+----------+-------------------------------+
| g0        | BUFG/O          | n/a               |       |             |               |         160 |        0 |              1 |        0 | ADC_part/clk_10/inst/clk_out1 |
+-----------+-----------------+-------------------+-------+-------------+---------------+-------------+----------+----------------+----------+-------------------------------+
* Logic Loads column represents load cell count of all cell types other than IO, GT and clock resources
** IO Loads column represents load cell count of IO types
*** Clocking Loads column represents load cell count that are clock resources (global clock buffer, MMCM, PLL, etc)
**** GT Loads column represents load cell count of GT types


+----+----+------+
|    | X0 | X1   |
+----+----+------+
| Y0 |  9 |  152 |
+----+----+------+


8. Device Cell Placement Summary for Global Clock g1
----------------------------------------------------

+-----------+-----------------+-------------------+-------+-------------+---------------+-------------+----------+----------------+----------+-------------------------------+
| Global Id | Driver Type/Pin | Driver Region (D) | Clock | Period (ns) | Waveform (ns) | Slice Loads | IO Loads | Clocking Loads | GT Loads | Net                           |
+-----------+-----------------+-------------------+-------+-------------+---------------+-------------+----------+----------------+----------+-------------------------------+
| g1        | BUFG/O          | n/a               |       |             |               |          66 |        0 |              0 |        0 | ADC_part/clk_10/inst/clk_out2 |
+-----------+-----------------+-------------------+-------+-------------+---------------+-------------+----------+----------------+----------+-------------------------------+
* Logic Loads column represents load cell count of all cell types other than IO, GT and clock resources
** IO Loads column represents load cell count of IO types
*** Clocking Loads column represents load cell count that are clock resources (global clock buffer, MMCM, PLL, etc)
**** GT Loads column represents load cell count of GT types


+----+----+-----+
|    | X0 | X1  |
+----+----+-----+
| Y0 |  0 |  66 |
+----+----+-----+


9. Device Cell Placement Summary for Global Clock g2
----------------------------------------------------

+-----------+-----------------+-------------------+-------+-------------+---------------+-------------+----------+----------------+----------+--------------------------+
| Global Id | Driver Type/Pin | Driver Region (D) | Clock | Period (ns) | Waveform (ns) | Slice Loads | IO Loads | Clocking Loads | GT Loads | Net                      |
+-----------+-----------------+-------------------+-------+-------------+---------------+-------------+----------+----------------+----------+--------------------------+
| g2        | BUFG/O          | n/a               |       |             |               |          61 |        0 |              0 |        0 | Driver_ADC0/Signal_Pulse |
+-----------+-----------------+-------------------+-------+-------------+---------------+-------------+----------+----------------+----------+--------------------------+
* Logic Loads column represents load cell count of all cell types other than IO, GT and clock resources
** IO Loads column represents load cell count of IO types
*** Clocking Loads column represents load cell count that are clock resources (global clock buffer, MMCM, PLL, etc)
**** GT Loads column represents load cell count of GT types


+----+----+-----+
|    | X0 | X1  |
+----+----+-----+
| Y0 |  0 |  61 |
+----+----+-----+


10. Device Cell Placement Summary for Global Clock g3
-----------------------------------------------------

+-----------+-----------------+-------------------+-------------------+-------------+---------------+-------------+----------+----------------+----------+------------------------------+
| Global Id | Driver Type/Pin | Driver Region (D) | Clock             | Period (ns) | Waveform (ns) | Slice Loads | IO Loads | Clocking Loads | GT Loads | Net                          |
+-----------+-----------------+-------------------+-------------------+-------------+---------------+-------------+----------+----------------+----------+------------------------------+
| g3        | BUFG/O          | n/a               | clk_out2_clk_5_10 |       9.979 | {0.000 4.990} |          33 |        0 |              0 |        0 | Lab_9/clk_5_10/inst/clk_out2 |
+-----------+-----------------+-------------------+-------------------+-------------+---------------+-------------+----------+----------------+----------+------------------------------+
* Logic Loads column represents load cell count of all cell types other than IO, GT and clock resources
** IO Loads column represents load cell count of IO types
*** Clocking Loads column represents load cell count that are clock resources (global clock buffer, MMCM, PLL, etc)
**** GT Loads column represents load cell count of GT types


+----+----+-----+
|    | X0 | X1  |
+----+----+-----+
| Y0 |  0 |  33 |
+----+----+-----+


11. Device Cell Placement Summary for Global Clock g4
-----------------------------------------------------

+-----------+-----------------+-------------------+-------+-------------+---------------+-------------+----------+----------------+----------+----------------------------------------------------------------+
| Global Id | Driver Type/Pin | Driver Region (D) | Clock | Period (ns) | Waveform (ns) | Slice Loads | IO Loads | Clocking Loads | GT Loads | Net                                                            |
+-----------+-----------------+-------------------+-------+-------------+---------------+-------------+----------+----------------+----------+----------------------------------------------------------------+
| g4        | BUFG/O          | n/a               |       |             |               |           0 |        8 |              0 |        0 | ADC_part/rgb2dvi_0/U0/ClockGenInternal.ClockGenX/PixelClk_BUFG |
+-----------+-----------------+-------------------+-------+-------------+---------------+-------------+----------+----------------+----------+----------------------------------------------------------------+
* Logic Loads column represents load cell count of all cell types other than IO, GT and clock resources
** IO Loads column represents load cell count of IO types
*** Clocking Loads column represents load cell count that are clock resources (global clock buffer, MMCM, PLL, etc)
**** GT Loads column represents load cell count of GT types


+----+----+----+
|    | X0 | X1 |
+----+----+----+
| Y0 |  0 |  8 |
+----+----+----+


12. Device Cell Placement Summary for Global Clock g5
-----------------------------------------------------

+-----------+-----------------+-------------------+-------+-------------+---------------+-------------+----------+----------------+----------+-----------------------------------------------------------------+
| Global Id | Driver Type/Pin | Driver Region (D) | Clock | Period (ns) | Waveform (ns) | Slice Loads | IO Loads | Clocking Loads | GT Loads | Net                                                             |
+-----------+-----------------+-------------------+-------+-------------+---------------+-------------+----------+----------------+----------+-----------------------------------------------------------------+
| g5        | BUFG/O          | n/a               |       |             |               |           0 |        8 |              0 |        0 | ADC_part/rgb2dvi_0/U0/ClockGenInternal.ClockGenX/SerialClk_BUFG |
+-----------+-----------------+-------------------+-------+-------------+---------------+-------------+----------+----------------+----------+-----------------------------------------------------------------+
* Logic Loads column represents load cell count of all cell types other than IO, GT and clock resources
** IO Loads column represents load cell count of IO types
*** Clocking Loads column represents load cell count that are clock resources (global clock buffer, MMCM, PLL, etc)
**** GT Loads column represents load cell count of GT types


+----+----+----+
|    | X0 | X1 |
+----+----+----+
| Y0 |  0 |  8 |
+----+----+----+


13. Device Cell Placement Summary for Global Clock g6
-----------------------------------------------------

+-----------+-----------------+-------------------+-------------------+-------------+-----------------+-------------+----------+----------------+----------+------------------------------+
| Global Id | Driver Type/Pin | Driver Region (D) | Clock             | Period (ns) | Waveform (ns)   | Slice Loads | IO Loads | Clocking Loads | GT Loads | Net                          |
+-----------+-----------------+-------------------+-------------------+-------------+-----------------+-------------+----------+----------------+----------+------------------------------+
| g6        | BUFG/O          | n/a               | clk_out1_clk_5_10 |     200.000 | {0.000 100.000} |           3 |        1 |              0 |        0 | Lab_9/clk_5_10/inst/clk_out1 |
+-----------+-----------------+-------------------+-------------------+-------------+-----------------+-------------+----------+----------------+----------+------------------------------+
* Logic Loads column represents load cell count of all cell types other than IO, GT and clock resources
** IO Loads column represents load cell count of IO types
*** Clocking Loads column represents load cell count that are clock resources (global clock buffer, MMCM, PLL, etc)
**** GT Loads column represents load cell count of GT types


+----+----+----+
|    | X0 | X1 |
+----+----+----+
| Y0 |  0 |  4 |
+----+----+----+


14. Device Cell Placement Summary for Global Clock g7
-----------------------------------------------------

+-----------+-----------------+-------------------+-------+-------------+---------------+-------------+----------+----------------+----------+----------------------------------------+
| Global Id | Driver Type/Pin | Driver Region (D) | Clock | Period (ns) | Waveform (ns) | Slice Loads | IO Loads | Clocking Loads | GT Loads | Net                                    |
+-----------+-----------------+-------------------+-------+-------------+---------------+-------------+----------+----------------+----------+----------------------------------------+
| g7        | BUFG/O          | n/a               |       |             |               |           0 |        0 |              1 |        0 | ADC_part/clk_10/inst/clk_in1_clk_wiz_0 |
+-----------+-----------------+-------------------+-------+-------------+---------------+-------------+----------+----------------+----------+----------------------------------------+
* Logic Loads column represents load cell count of all cell types other than IO, GT and clock resources
** IO Loads column represents load cell count of IO types
*** Clocking Loads column represents load cell count that are clock resources (global clock buffer, MMCM, PLL, etc)
**** GT Loads column represents load cell count of GT types


+----+----+----+
|    | X0 | X1 |
+----+----+----+
| Y0 |  0 |  1 |
+----+----+----+


15. Device Cell Placement Summary for Global Clock g8
-----------------------------------------------------

+-----------+-----------------+-------------------+-------+-------------+---------------+-------------+----------+----------------+----------+---------------------------------------------+
| Global Id | Driver Type/Pin | Driver Region (D) | Clock | Period (ns) | Waveform (ns) | Slice Loads | IO Loads | Clocking Loads | GT Loads | Net                                         |
+-----------+-----------------+-------------------+-------+-------------+---------------+-------------+----------+----------------+----------+---------------------------------------------+
| g8        | BUFG/O          | n/a               |       |             |               |           0 |        0 |              1 |        0 | ADC_part/clk_10/inst/clkfbout_buf_clk_wiz_0 |
+-----------+-----------------+-------------------+-------+-------------+---------------+-------------+----------+----------------+----------+---------------------------------------------+
* Logic Loads column represents load cell count of all cell types other than IO, GT and clock resources
** IO Loads column represents load cell count of IO types
*** Clocking Loads column represents load cell count that are clock resources (global clock buffer, MMCM, PLL, etc)
**** GT Loads column represents load cell count of GT types


+----+----+----+
|    | X0 | X1 |
+----+----+----+
| Y0 |  0 |  1 |
+----+----+----+


16. Device Cell Placement Summary for Global Clock g9
-----------------------------------------------------

+-----------+-----------------+-------------------+-------------------+-------------+----------------+-------------+----------+----------------+----------+-------------------------------------------+
| Global Id | Driver Type/Pin | Driver Region (D) | Clock             | Period (ns) | Waveform (ns)  | Slice Loads | IO Loads | Clocking Loads | GT Loads | Net                                       |
+-----------+-----------------+-------------------+-------------------+-------------+----------------+-------------+----------+----------------+----------+-------------------------------------------+
| g9        | BUFG/O          | n/a               | clkfbout_clk_5_10 |     100.000 | {0.000 50.000} |           0 |        0 |              1 |        0 | Lab_9/clk_5_10/inst/clkfbout_buf_clk_5_10 |
+-----------+-----------------+-------------------+-------------------+-------------+----------------+-------------+----------+----------------+----------+-------------------------------------------+
* Logic Loads column represents load cell count of all cell types other than IO, GT and clock resources
** IO Loads column represents load cell count of IO types
*** Clocking Loads column represents load cell count that are clock resources (global clock buffer, MMCM, PLL, etc)
**** GT Loads column represents load cell count of GT types


+----+----+----+
|    | X0 | X1 |
+----+----+----+
| Y0 |  0 |  1 |
+----+----+----+


17. Clock Region Cell Placement per Global Clock: Region X0Y0
-------------------------------------------------------------

+-----------+-------+-----------------+------------+-------------+-----------------+----+--------+------+-----+----+------+-----+---------+-------------------------------+
| Global Id | Track | Driver Type/Pin | Constraint | Clock Loads | Non-Clock Loads | FF | LUTRAM | RAMB | DSP | GT | MMCM | PLL | Hard IP | Net                           |
+-----------+-------+-----------------+------------+-------------+-----------------+----+--------+------+-----+----+------+-----+---------+-------------------------------+
| g0        | n/a   | BUFG/O          | None       |           9 |               0 |  8 |      0 |    0 |   0 |  0 |    0 |   1 |       0 | ADC_part/clk_10/inst/clk_out1 |
+-----------+-------+-----------------+------------+-------------+-----------------+----+--------+------+-----+----+------+-----+---------+-------------------------------+
* Clock Loads column represents the clock pin loads (pin count)
** Non-Clock Loads column represents the non-clock pin loads (pin count)
*** Columns FF, LUTRAM, RAMB through 'Hard IP' represents load cell counts


18. Clock Region Cell Placement per Global Clock: Region X1Y0
-------------------------------------------------------------

+-----------+-------+-----------------+------------+-------------+-----------------+-----+--------+------+-----+----+------+-----+---------+-----------------------------------------------------------------+
| Global Id | Track | Driver Type/Pin | Constraint | Clock Loads | Non-Clock Loads | FF  | LUTRAM | RAMB | DSP | GT | MMCM | PLL | Hard IP | Net                                                             |
+-----------+-------+-----------------+------------+-------------+-----------------+-----+--------+------+-----+----+------+-----+---------+-----------------------------------------------------------------+
| g0        | n/a   | BUFG/O          | None       |         152 |               0 | 151 |      0 |    0 |   0 |  0 |    0 |   0 |       0 | ADC_part/clk_10/inst/clk_out1                                   |
| g1        | n/a   | BUFG/O          | None       |          66 |               0 |  66 |      0 |    0 |   0 |  0 |    0 |   0 |       0 | ADC_part/clk_10/inst/clk_out2                                   |
| g2        | n/a   | BUFG/O          | None       |          61 |               0 |  61 |      0 |    0 |   0 |  0 |    0 |   0 |       0 | Driver_ADC0/Signal_Pulse                                        |
| g3        | n/a   | BUFG/O          | None       |          33 |               0 |  33 |      0 |    0 |   0 |  0 |    0 |   0 |       0 | Lab_9/clk_5_10/inst/clk_out2                                    |
| g4        | n/a   | BUFG/O          | None       |           8 |               0 |   0 |      0 |    0 |   0 |  0 |    0 |   0 |       0 | ADC_part/rgb2dvi_0/U0/ClockGenInternal.ClockGenX/PixelClk_BUFG  |
| g5        | n/a   | BUFG/O          | None       |           8 |               0 |   0 |      0 |    0 |   0 |  0 |    0 |   0 |       0 | ADC_part/rgb2dvi_0/U0/ClockGenInternal.ClockGenX/SerialClk_BUFG |
| g6        | n/a   | BUFG/O          | None       |           3 |               1 |   0 |      0 |    2 |   0 |  0 |    0 |   0 |       0 | Lab_9/clk_5_10/inst/clk_out1                                    |
| g7        | n/a   | BUFG/O          | None       |           1 |               0 |   0 |      0 |    0 |   0 |  0 |    0 |   1 |       0 | ADC_part/clk_10/inst/clk_in1_clk_wiz_0                          |
| g8        | n/a   | BUFG/O          | None       |           1 |               0 |   0 |      0 |    0 |   0 |  0 |    0 |   1 |       0 | ADC_part/clk_10/inst/clkfbout_buf_clk_wiz_0                     |
| g9        | n/a   | BUFG/O          | None       |           1 |               0 |   0 |      0 |    0 |   0 |  0 |    1 |   0 |       0 | Lab_9/clk_5_10/inst/clkfbout_buf_clk_5_10                       |
+-----------+-------+-----------------+------------+-------------+-----------------+-----+--------+------+-----+----+------+-----+---------+-----------------------------------------------------------------+
* Clock Loads column represents the clock pin loads (pin count)
** Non-Clock Loads column represents the non-clock pin loads (pin count)
*** Columns FF, LUTRAM, RAMB through 'Hard IP' represents load cell counts



# Location of BUFG Primitives 
set_property LOC BUFGCTRL_X0Y9 [get_cells Lab_9/clk_5_10/inst/clkf_buf]
set_property LOC BUFGCTRL_X0Y6 [get_cells Lab_9/clk_5_10/inst/clkout2_buf]
set_property LOC BUFGCTRL_X0Y2 [get_cells Lab_9/clk_5_10/inst/clkout1_buf]
set_property LOC BUFGCTRL_X0Y5 [get_cells Measure_Num_Cnt_reg[19]_i_3]
set_property LOC BUFGCTRL_X0Y1 [get_cells ADC_part/rgb2dvi_0/U0/ClockGenInternal.ClockGenX/SerialClk_BUFG_inst]
set_property LOC BUFGCTRL_X0Y0 [get_cells ADC_part/rgb2dvi_0/U0/ClockGenInternal.ClockGenX/PixelClk_BUFG_inst]
set_property LOC BUFGCTRL_X0Y7 [get_cells ADC_part/clk_10/inst/clkf_buf]
set_property LOC BUFGCTRL_X0Y4 [get_cells ADC_part/clk_10/inst/clkout2_buf]
set_property LOC BUFGCTRL_X0Y3 [get_cells ADC_part/clk_10/inst/clkout1_buf]
set_property LOC BUFGCTRL_X0Y8 [get_cells ADC_part/clk_10/inst/clkin1_bufg]

# Location of IO Primitives which is load of clock spine
set_property LOC IOB_X1Y14 [get_cells clk_DAC_OBUF_inst]

# Location of clock ports
set_property LOC IOB_X1Y24 [get_ports clk_100MHz]

# Clock net "Lab_9/clk_5_10/inst/clk_out2" driven by instance "Lab_9/clk_5_10/inst/clkout2_buf" located at site "BUFGCTRL_X0Y6"
#startgroup
create_pblock {CLKAG_Lab_9/clk_5_10/inst/clk_out2}
add_cells_to_pblock [get_pblocks  {CLKAG_Lab_9/clk_5_10/inst/clk_out2}] [get_cells -filter { PRIMITIVE_GROUP != I/O && IS_PRIMITIVE==1 && PRIMITIVE_LEVEL !=INTERNAL } -of_object [get_pins -filter {DIRECTION==IN} -of_objects [get_nets -hierarchical -filter {PARENT=="Lab_9/clk_5_10/inst/clk_out2"}]]]
resize_pblock [get_pblocks {CLKAG_Lab_9/clk_5_10/inst/clk_out2}] -add {CLOCKREGION_X1Y0:CLOCKREGION_X1Y0}
#endgroup

# Clock net "Lab_9/clk_5_10/inst/clk_out1" driven by instance "Lab_9/clk_5_10/inst/clkout1_buf" located at site "BUFGCTRL_X0Y2"
#startgroup
create_pblock {CLKAG_Lab_9/clk_5_10/inst/clk_out1}
add_cells_to_pblock [get_pblocks  {CLKAG_Lab_9/clk_5_10/inst/clk_out1}] [get_cells -filter { PRIMITIVE_GROUP != I/O && IS_PRIMITIVE==1 && PRIMITIVE_LEVEL !=INTERNAL && NAME!=clk_DAC_OBUF_inst} -of_object [get_pins -filter {DIRECTION==IN} -of_objects [get_nets -hierarchical -filter {PARENT=="Lab_9/clk_5_10/inst/clk_out1"}]]]
resize_pblock [get_pblocks {CLKAG_Lab_9/clk_5_10/inst/clk_out1}] -add {CLOCKREGION_X1Y0:CLOCKREGION_X1Y0}
#endgroup

# Clock net "Driver_ADC0/Signal_Pulse" driven by instance "Measure_Num_Cnt_reg[19]_i_3" located at site "BUFGCTRL_X0Y5"
#startgroup
create_pblock {CLKAG_Driver_ADC0/Signal_Pulse}
add_cells_to_pblock [get_pblocks  {CLKAG_Driver_ADC0/Signal_Pulse}] [get_cells -filter { PRIMITIVE_GROUP != I/O && IS_PRIMITIVE==1 && PRIMITIVE_LEVEL !=INTERNAL } -of_object [get_pins -filter {DIRECTION==IN} -of_objects [get_nets -hierarchical -filter {PARENT=="Driver_ADC0/Signal_Pulse"}]]]
resize_pblock [get_pblocks {CLKAG_Driver_ADC0/Signal_Pulse}] -add {CLOCKREGION_X1Y0:CLOCKREGION_X1Y0}
#endgroup

# Clock net "ADC_part/rgb2dvi_0/U0/ClockGenInternal.ClockGenX/SerialClk_BUFG" driven by instance "ADC_part/rgb2dvi_0/U0/ClockGenInternal.ClockGenX/SerialClk_BUFG_inst" located at site "BUFGCTRL_X0Y1"
#startgroup
create_pblock {CLKAG_ADC_part/rgb2dvi_0/U0/ClockGenInternal.ClockGenX/SerialClk_BUFG}
add_cells_to_pblock [get_pblocks  {CLKAG_ADC_part/rgb2dvi_0/U0/ClockGenInternal.ClockGenX/SerialClk_BUFG}] [get_cells -filter { PRIMITIVE_GROUP != I/O && IS_PRIMITIVE==1 && PRIMITIVE_LEVEL !=INTERNAL } -of_object [get_pins -filter {DIRECTION==IN} -of_objects [get_nets -hierarchical -filter {PARENT=="ADC_part/rgb2dvi_0/U0/ClockGenInternal.ClockGenX/SerialClk_BUFG"}]]]
resize_pblock [get_pblocks {CLKAG_ADC_part/rgb2dvi_0/U0/ClockGenInternal.ClockGenX/SerialClk_BUFG}] -add {CLOCKREGION_X1Y0:CLOCKREGION_X1Y0}
#endgroup

# Clock net "ADC_part/rgb2dvi_0/U0/ClockGenInternal.ClockGenX/PixelClk_BUFG" driven by instance "ADC_part/rgb2dvi_0/U0/ClockGenInternal.ClockGenX/PixelClk_BUFG_inst" located at site "BUFGCTRL_X0Y0"
#startgroup
create_pblock {CLKAG_ADC_part/rgb2dvi_0/U0/ClockGenInternal.ClockGenX/PixelClk_BUFG}
add_cells_to_pblock [get_pblocks  {CLKAG_ADC_part/rgb2dvi_0/U0/ClockGenInternal.ClockGenX/PixelClk_BUFG}] [get_cells -filter { PRIMITIVE_GROUP != I/O && IS_PRIMITIVE==1 && PRIMITIVE_LEVEL !=INTERNAL } -of_object [get_pins -filter {DIRECTION==IN} -of_objects [get_nets -hierarchical -filter {PARENT=="ADC_part/rgb2dvi_0/U0/ClockGenInternal.ClockGenX/PixelClk_BUFG"}]]]
resize_pblock [get_pblocks {CLKAG_ADC_part/rgb2dvi_0/U0/ClockGenInternal.ClockGenX/PixelClk_BUFG}] -add {CLOCKREGION_X1Y0:CLOCKREGION_X1Y0}
#endgroup

# Clock net "ADC_part/clk_10/inst/clk_out2" driven by instance "ADC_part/clk_10/inst/clkout2_buf" located at site "BUFGCTRL_X0Y4"
#startgroup
create_pblock {CLKAG_ADC_part/clk_10/inst/clk_out2}
add_cells_to_pblock [get_pblocks  {CLKAG_ADC_part/clk_10/inst/clk_out2}] [get_cells -filter { PRIMITIVE_GROUP != I/O && IS_PRIMITIVE==1 && PRIMITIVE_LEVEL !=INTERNAL } -of_object [get_pins -filter {DIRECTION==IN} -of_objects [get_nets -hierarchical -filter {PARENT=="ADC_part/clk_10/inst/clk_out2"}]]]
resize_pblock [get_pblocks {CLKAG_ADC_part/clk_10/inst/clk_out2}] -add {CLOCKREGION_X1Y0:CLOCKREGION_X1Y0}
#endgroup

# Clock net "ADC_part/clk_10/inst/clk_out1" driven by instance "ADC_part/clk_10/inst/clkout1_buf" located at site "BUFGCTRL_X0Y3"
#startgroup
create_pblock {CLKAG_ADC_part/clk_10/inst/clk_out1}
add_cells_to_pblock [get_pblocks  {CLKAG_ADC_part/clk_10/inst/clk_out1}] [get_cells -filter { PRIMITIVE_GROUP != I/O && IS_PRIMITIVE==1 && PRIMITIVE_LEVEL !=INTERNAL && NAME!=ADC_part/rgb2dvi_0/U0/ClockGenInternal.ClockGenX/GenPLL.DVI_ClkGenerator} -of_object [get_pins -filter {DIRECTION==IN} -of_objects [get_nets -hierarchical -filter {PARENT=="ADC_part/clk_10/inst/clk_out1"}]]]
resize_pblock [get_pblocks {CLKAG_ADC_part/clk_10/inst/clk_out1}] -add {CLOCKREGION_X0Y0:CLOCKREGION_X0Y0 CLOCKREGION_X1Y0:CLOCKREGION_X1Y0}
#endgroup
